Build started 8/15/2016 4:55:21 PM.
     1>Project "C:\Users\Chin2015\Desktop\SP3\Base\Base.vcxproj" on node 2 (Build target(s)).
     1>ClCompile:
         E:\Microsoft Visual Studio 12.0\VC\bin\CL.exe /c /IC:\Users\Chin2015\Desktop\SP3\\DLL\AI\AI /IC:\Users\Chin2015\Desktop\SP3\/Common/Source /IC:\Users\Chin2015\Desktop\SP3\/glew/include /IC:\Users\Chin2015\Desktop\SP3\/glfw/include /I"C:\Users\Chin2015\Desktop\SP3\\Base\irrKlang-1.5.0\include" /ZI /nologo /W3 /WX- /Od /Oy- /D _VARIADIC_MAX=10 /D WIN32 /D _DEBUG /D _CONSOLE /D _UNICODE /D UNICODE /Gm /EHsc /RTC1 /MDd /GS /fp:precise /Zc:wchar_t /Zc:forScope /Fo"Debug\\" /Fd"Debug\vc120.pdb" /Gd /TP /analyze- /errorReport:prompt Source\SP3.cpp
         SP3.cpp
     1>c:\users\chin2015\desktop\sp3\base\source\sp3.h(7): warning C4067: unexpected tokens following preprocessor directive - expected a newline
     1>c:\users\chin2015\desktop\sp3\dll\ai\ai\mob.h(30): warning C4251: 'Mob_AI::Mob::Position' : struct 'Vector3' needs to have dll-interface to be used by clients of class 'Mob_AI::Mob'
                 c:\users\chin2015\desktop\sp3\common\source\vector3.h(26) : see declaration of 'Vector3'
     1>c:\users\chin2015\desktop\sp3\base\source\sp3.cpp(175): warning C4244: 'argument' : conversion from 'double' to 'float', possible loss of data
     1>c:\users\chin2015\desktop\sp3\base\source\sp3.cpp(249): warning C4065: switch statement contains 'default' but no 'case' labels
       Link:
         E:\Microsoft Visual Studio 12.0\VC\bin\link.exe /ERRORREPORT:PROMPT /OUT:"C:\Users\Chin2015\Desktop\SP3\Debug\Base.exe" /INCREMENTAL:NO /NOLOGO /LIBPATH:C:\Users\Chin2015\Desktop\SP3\Debug /LIBPATH:"C:\Users\Chin2015\Desktop\SP3\/glfw/lib-msvc100" /LIBPATH:C:\Users\Chin2015\Desktop\SP3\/glew/lib /LIBPATH:"H:\YEARRRR 2\SMOOOOOOOOTH\DM2212_Framework\irrKlang-1.5.0\lib" /LIBPATH:"H:\YEARRRR 2\SMOOOOOOOOTH\DM2212_Framework\irrKlang-1.5.0\lib\Win32-visualStudio" Common.lib winmm.lib opengl32.lib glu32.lib glew32.lib glfw3.lib irrKlang.lib kernel32.lib user32.lib gdi32.lib winspool.lib comdlg32.lib advapi32.lib shell32.lib ole32.lib oleaut32.lib uuid.lib odbc32.lib odbccp32.lib /MANIFEST /MANIFESTUAC:"level='asInvoker' uiAccess='false'" /manifest:embed /DEBUG /PDB:"C:\Users\Chin2015\Desktop\SP3\Debug\Base.pdb" /SUBSYSTEM:CONSOLE /TLBID:1 /DYNAMICBASE /NXCOMPAT /IMPLIB:"C:\Users\Chin2015\Desktop\SP3\Debug\Base.lib" /MACHINE:X86 Debug\Application.obj
         Debug\Camera.obj
         Debug\GameObject.obj
         Debug\LoadOBJ.obj
         Debug\LoadTGA.obj
         Debug\main.obj
         Debug\Mesh.obj
         Debug\MeshBuilder.obj
         Debug\Panel.obj
         Debug\SceneBase.obj
         Debug\shader.obj
         Debug\SP3.obj
         Debug\SpriteAnimation.obj
         Debug\Utility.obj
     1>Application.obj : warning LNK4075: ignoring '/EDITANDCONTINUE' due to '/OPT:LBR' specification
     1>LINK : warning LNK4098: defaultlib 'MSVCRT' conflicts with use of other libs; use /NODEFAULTLIB:library
         Base.vcxproj -> C:\Users\Chin2015\Desktop\SP3\Debug\Base.exe
     1>Done Building Project "C:\Users\Chin2015\Desktop\SP3\Base\Base.vcxproj" (Build target(s)).

Build succeeded.

Time Elapsed 00:00:01.13
